May 02 22:11:07 Installed: 1:perl-parent-0.225-244.el7.noarch
May 02 22:11:07 Installed: perl-HTTP-Tiny-0.033-3.el7.noarch
May 02 22:11:07 Installed: perl-podlators-2.5.1-3.el7.noarch
May 02 22:11:07 Installed: perl-Pod-Perldoc-3.20-4.el7.noarch
May 02 22:11:07 Installed: 1:perl-Pod-Escapes-1.04-294.el7_6.noarch
May 02 22:11:07 Installed: perl-Encode-2.51-7.el7.x86_64
May 02 22:11:07 Installed: perl-Text-ParseWords-3.29-4.el7.noarch
May 02 22:11:07 Installed: perl-Pod-Usage-1.63-3.el7.noarch
May 02 22:11:08 Installed: 4:perl-libs-5.16.3-294.el7_6.x86_64
May 02 22:11:08 Installed: 4:perl-macros-5.16.3-294.el7_6.x86_64
May 02 22:11:08 Installed: perl-Storable-2.45-3.el7.x86_64
May 02 22:11:08 Installed: perl-Exporter-5.68-3.el7.noarch
May 02 22:11:08 Installed: perl-constant-1.27-2.el7.noarch
May 02 22:11:08 Installed: perl-Time-Local-1.2300-2.el7.noarch
May 02 22:11:08 Installed: perl-Socket-2.010-4.el7.x86_64
May 02 22:11:08 Installed: perl-Carp-1.26-244.el7.noarch
May 02 22:11:08 Installed: 4:perl-Time-HiRes-1.9725-3.el7.x86_64
May 02 22:11:08 Installed: perl-PathTools-3.40-5.el7.x86_64
May 02 22:11:08 Installed: perl-Scalar-List-Utils-1.27-248.el7.x86_64
May 02 22:11:08 Installed: 1:perl-Pod-Simple-3.28-4.el7.noarch
May 02 22:11:08 Installed: perl-File-Temp-0.23.01-3.el7.noarch
May 02 22:11:08 Installed: perl-File-Path-2.09-2.el7.noarch
May 02 22:11:08 Installed: perl-threads-shared-1.43-6.el7.x86_64
May 02 22:11:08 Installed: perl-threads-1.87-4.el7.x86_64
May 02 22:11:08 Installed: perl-Filter-1.49-3.el7.x86_64
May 02 22:11:08 Installed: perl-Getopt-Long-2.40-3.el7.noarch
May 02 22:11:09 Installed: 4:perl-5.16.3-294.el7_6.x86_64
May 02 22:11:09 Installed: 2:vim-filesystem-7.4.160-5.el7.x86_64
May 02 22:11:11 Installed: 2:vim-common-7.4.160-5.el7.x86_64
May 02 22:11:11 Installed: gpm-libs-1.20.7-5.el7.x86_64
May 02 22:11:11 Installed: 2:vim-enhanced-7.4.160-5.el7.x86_64
May 02 22:11:31 Installed: epel-release-7-11.noarch
May 02 22:12:32 Updated: libgcc-4.8.5-36.el7_6.2.x86_64
May 02 22:12:32 Updated: 1:grub2-common-2.02-0.76.el7.centos.1.noarch
May 02 22:12:32 Updated: 1:grub2-pc-modules-2.02-0.76.el7.centos.1.noarch
May 02 22:12:32 Updated: 32:bind-license-9.9.4-73.el7_6.noarch
May 02 22:12:33 Updated: tzdata-2019a-1.el7.noarch
May 02 22:12:34 Updated: glibc-2.17-260.el7_6.4.x86_64
May 02 22:12:38 Updated: glibc-common-2.17-260.el7_6.4.x86_64
May 02 22:12:38 Updated: systemd-libs-219-62.el7_6.6.x86_64
May 02 22:12:38 Updated: nss-util-3.36.0-1.1.el7_6.x86_64
May 02 22:12:38 Updated: krb5-libs-1.15.1-37.el7_6.x86_64
May 02 22:12:38 Updated: 1:openssl-libs-1.0.2k-16.el7_6.1.x86_64
May 02 22:12:38 Updated: libuuid-2.23.2-59.el7_6.1.x86_64
May 02 22:12:38 Updated: libblkid-2.23.2-59.el7_6.1.x86_64
May 02 22:12:38 Updated: 2:shadow-utils-4.1.5.1-25.el7_6.1.x86_64
May 02 22:12:39 Updated: libmount-2.23.2-59.el7_6.1.x86_64
May 02 22:12:40 Updated: python-libs-2.7.5-77.el7_6.x86_64
May 02 22:12:40 Updated: python-2.7.5-77.el7_6.x86_64
May 02 22:12:40 Updated: python-perf-3.10.0-957.12.1.el7.x86_64
May 02 22:12:40 Updated: nss-sysinit-3.36.0-7.1.el7_6.x86_64
May 02 22:12:40 Updated: nss-3.36.0-7.1.el7_6.x86_64
May 02 22:12:40 Updated: nss-pem-1.0.3-5.el7_6.1.x86_64
May 02 22:12:41 Updated: 1:NetworkManager-libnm-1.12.0-10.el7_6.x86_64
May 02 22:12:41 Updated: nss-tools-3.36.0-7.1.el7_6.x86_64
May 02 22:12:41 Updated: 1:dbus-libs-1.10.24-13.el7_6.x86_64
May 02 22:12:42 Updated: systemd-219-62.el7_6.6.x86_64
May 02 22:12:42 Updated: 1:dbus-1.10.24-13.el7_6.x86_64
May 02 22:12:42 Updated: polkit-0.112-18.el7_6.1.x86_64
May 02 22:12:42 Updated: 1:NetworkManager-1.12.0-10.el7_6.x86_64
May 02 22:12:42 Updated: cronie-anacron-1.4.11-20.el7_6.x86_64
May 02 22:12:43 Updated: cronie-1.4.11-20.el7_6.x86_64
May 02 22:12:43 Updated: kernel-tools-libs-3.10.0-957.12.1.el7.x86_64
May 02 22:12:43 Updated: libsmartcols-2.23.2-59.el7_6.1.x86_64
May 02 22:12:43 Updated: util-linux-2.23.2-59.el7_6.1.x86_64
May 02 22:12:43 Updated: policycoreutils-2.5-29.el7_6.1.x86_64
May 02 22:12:50 Updated: selinux-policy-3.13.1-229.el7_6.12.noarch
May 02 22:12:51 Updated: 7:device-mapper-libs-1.02.149-10.el7_6.7.x86_64
May 02 22:12:51 Updated: 7:device-mapper-1.02.149-10.el7_6.7.x86_64
May 02 22:12:51 Updated: 1:grub2-tools-minimal-2.02-0.76.el7.centos.1.x86_64
May 02 22:12:51 Updated: 1:grub2-tools-2.02-0.76.el7.centos.1.x86_64
May 02 22:12:51 Updated: freetype-2.8-12.el7_6.1.x86_64
May 02 22:12:51 Updated: 1:grub2-tools-extra-2.02-0.76.el7.centos.1.x86_64
May 02 22:12:51 Updated: 1:grub2-pc-2.02-0.76.el7.centos.1.x86_64
May 02 22:12:51 Updated: ipset-libs-6.38-3.el7_6.x86_64
May 02 22:12:51 Updated: efivar-libs-36-11.el7_6.1.x86_64
May 02 22:12:51 Updated: mokutil-15-2.el7.centos.x86_64
May 02 22:12:51 Updated: shim-x64-15-2.el7.centos.x86_64
May 02 22:12:51 Updated: ipset-6.38-3.el7_6.x86_64
May 02 22:12:51 Updated: 1:grub2-2.02-0.76.el7.centos.1.x86_64
May 02 22:12:52 Updated: 1:grub2-efi-x64-2.02-0.76.el7.centos.1.x86_64
May 02 22:13:02 Updated: selinux-policy-targeted-3.13.1-229.el7_6.12.noarch
May 02 22:13:02 Updated: tuned-2.10.0-6.el7_6.3.noarch
May 02 22:13:02 Updated: kernel-tools-3.10.0-957.12.1.el7.x86_64
May 02 22:13:02 Updated: 1:NetworkManager-tui-1.12.0-10.el7_6.x86_64
May 02 22:13:02 Updated: 1:NetworkManager-team-1.12.0-10.el7_6.x86_64
May 02 22:13:02 Updated: 1:NetworkManager-wifi-1.12.0-10.el7_6.x86_64
May 02 22:13:02 Updated: kexec-tools-2.0.15-21.el7_6.3.x86_64
May 02 22:13:02 Updated: systemd-sysv-219-62.el7_6.6.x86_64
May 02 22:13:02 Updated: openldap-2.4.44-21.el7_6.x86_64
May 02 22:13:02 Updated: xfsprogs-4.5.0-19.el7_6.x86_64
May 02 22:13:02 Updated: 1:openssl-1.0.2k-16.el7_6.1.x86_64
May 02 22:13:03 Updated: libssh2-1.4.3-12.el7_6.2.x86_64
May 02 22:13:03 Updated: 32:bind-libs-lite-9.9.4-73.el7_6.x86_64
May 02 22:13:03 Updated: iproute-4.11.0-14.el7_6.2.x86_64
May 02 22:13:03 Updated: libstdc++-4.8.5-36.el7_6.2.x86_64
May 02 22:13:04 Updated: libgomp-4.8.5-36.el7_6.2.x86_64
May 02 22:13:07 Installed: kernel-3.10.0-957.12.1.el7.x86_64
May 02 22:14:16 Installed: wget-1.14-18.el7.x86_64
May 02 22:14:35 Installed: 1:perl-Error-0.17020-2.el7.noarch
May 02 22:14:35 Installed: rsync-3.1.2-6.el7_6.1.x86_64
May 02 22:14:35 Installed: perl-TermReadKey-2.30-20.el7.x86_64
May 02 22:14:36 Installed: git-1.8.3.1-20.el7.x86_64
May 02 22:14:36 Installed: perl-Git-1.8.3.1-20.el7.noarch
May 02 22:17:17 Installed: libjpeg-turbo-1.2.90-6.el7.x86_64
May 02 22:17:17 Installed: mesa-libglapi-18.0.5-4.el7_6.x86_64
May 02 22:17:17 Installed: libxshmfence-1.2-1.el7.x86_64
May 02 22:17:17 Installed: 1:libglvnd-1.0.1-0.8.git5baa1e5.el7.x86_64
May 02 22:17:17 Installed: fontpackages-filesystem-1.44-8.el7.noarch
May 02 22:17:17 Installed: libwayland-server-1.15.0-1.el7.x86_64
May 02 22:17:17 Installed: mesa-libgbm-18.0.5-4.el7_6.x86_64
May 02 22:17:17 Installed: dejavu-fonts-common-2.33-6.el7.noarch
May 02 22:17:17 Installed: dejavu-sans-fonts-2.33-6.el7.noarch
May 02 22:17:19 Installed: fontconfig-2.13.0-4.3.el7.x86_64
May 02 22:17:19 Installed: jasper-libs-1.900.1-33.el7.x86_64
May 02 22:17:19 Installed: libX11-common-1.6.5-2.el7.noarch
May 02 22:17:19 Installed: graphite2-1.3.10-1.el7_3.x86_64
May 02 22:17:19 Installed: harfbuzz-1.7.5-2.el7.x86_64
May 02 22:17:19 Installed: libXau-1.0.8-2.1.el7.x86_64
May 02 22:17:19 Installed: libxcb-1.13-1.el7.x86_64
May 02 22:17:19 Installed: libX11-1.6.5-2.el7.x86_64
May 02 22:17:19 Installed: libXext-1.3.3-3.el7.x86_64
May 02 22:17:19 Installed: libXrender-0.9.10-1.el7.x86_64
May 02 22:17:19 Installed: libXfixes-5.0.3-1.el7.x86_64
May 02 22:17:19 Installed: libXdamage-1.1.4-4.1.el7.x86_64
May 02 22:17:19 Installed: libXft-2.3.2-2.el7.x86_64
May 02 22:17:19 Installed: libXxf86vm-1.1.4-1.el7.x86_64
May 02 22:17:19 Installed: 1:libglvnd-glx-1.0.1-0.8.git5baa1e5.el7.x86_64
May 02 22:17:19 Installed: mesa-libGL-18.0.5-4.el7_6.x86_64
May 02 22:17:19 Installed: jbigkit-libs-2.0-11.el7.x86_64
May 02 22:17:19 Installed: libtiff-4.0.3-27.el7_3.x86_64
May 02 22:17:19 Installed: gdk-pixbuf2-2.36.12-3.el7.x86_64
May 02 22:17:19 Installed: pixman-0.34.0-1.el7.x86_64
May 02 22:17:19 Installed: fribidi-1.0.2-1.el7.x86_64
May 02 22:17:20 Installed: libevent-2.0.21-4.el7.x86_64
May 02 22:17:20 Installed: libthai-0.1.14-9.el7.x86_64
May 02 22:17:20 Installed: libwayland-client-1.15.0-1.el7.x86_64
May 02 22:17:20 Installed: 1:libglvnd-egl-1.0.1-0.8.git5baa1e5.el7.x86_64
May 02 22:17:20 Installed: mesa-libEGL-18.0.5-4.el7_6.x86_64
May 02 22:17:20 Installed: cairo-1.15.12-3.el7.x86_64
May 02 22:17:20 Installed: pango-1.42.4-2.el7_6.x86_64
May 02 22:17:20 Installed: librsvg2-2.40.20-1.el7.x86_64
May 02 22:17:20 Installed: 1:links-2.13-1.el7.x86_64
May 02 22:24:58 Installed: htop-2.2.0-3.el7.x86_64
May 02 22:38:40 Installed: mpfr-3.1.1-4.el7.x86_64
May 02 22:38:40 Installed: libmpc-1.0.1-3.el7.x86_64
May 02 22:38:40 Installed: libquadmath-4.8.5-36.el7_6.2.x86_64
May 02 22:38:40 Installed: apr-1.4.8-3.el7_4.1.x86_64
May 02 22:38:40 Installed: m4-1.4.16-10.el7.x86_64
May 02 22:38:40 Installed: apr-util-1.5.2-6.el7.x86_64
May 02 22:38:40 Installed: unzip-6.0-19.el7.x86_64
May 02 22:38:40 Installed: patch-2.7.1-10.el7_5.x86_64
May 02 22:38:41 Installed: boost-system-1.53.0-27.el7.x86_64
May 02 22:38:41 Installed: perl-Thread-Queue-3.02-2.el7.noarch
May 02 22:38:41 Installed: avahi-libs-0.6.31-19.el7.x86_64
May 02 22:38:41 Installed: zip-3.0-11.el7.x86_64
May 02 22:38:41 Installed: boost-thread-1.53.0-27.el7.x86_64
May 02 22:38:41 Installed: libgfortran-4.8.5-36.el7_6.2.x86_64
May 02 22:38:41 Installed: cpp-4.8.5-36.el7_6.2.x86_64
May 02 22:38:41 Installed: elfutils-0.172-2.el7.x86_64
May 02 22:38:41 Installed: pakchois-0.4-10.el7.x86_64
May 02 22:38:41 Installed: dwz-0.11-3.el7.x86_64
May 02 22:38:41 Installed: bzip2-1.0.6-13.el7.x86_64
May 02 22:38:42 Installed: libstdc++-devel-4.8.5-36.el7_6.2.x86_64
May 02 22:38:42 Installed: perl-Data-Dumper-2.145-3.el7.x86_64
May 02 22:38:42 Installed: autoconf-2.69-11.el7.noarch
May 02 22:38:42 Installed: perl-srpm-macros-1-8.el7.noarch
May 02 22:38:42 Installed: redhat-rpm-config-9.1.0-87.el7.centos.noarch
May 02 22:38:42 Installed: boost-date-time-1.53.0-27.el7.x86_64
May 02 22:38:42 Installed: libmodman-2.0.1-8.el7.x86_64
May 02 22:38:42 Installed: libproxy-0.4.11-11.el7.x86_64
May 02 22:38:42 Installed: gettext-common-devel-0.19.8.1-2.el7.noarch
May 02 22:38:42 Installed: gettext-devel-0.19.8.1-2.el7.x86_64
May 02 22:38:43 Installed: gdb-7.6.1-114.el7.x86_64
May 02 22:38:43 Installed: perl-Test-Harness-3.28-3.el7.noarch
May 02 22:38:43 Installed: automake-1.13.4-3.el7.noarch
May 02 22:38:43 Installed: nettle-2.7.1-8.el7.x86_64
May 02 22:38:43 Installed: kernel-headers-3.10.0-957.12.1.el7.x86_64
May 02 22:38:44 Installed: glibc-headers-2.17-260.el7_6.4.x86_64
May 02 22:38:44 Installed: glibc-devel-2.17-260.el7_6.4.x86_64
May 02 22:38:45 Installed: gcc-4.8.5-36.el7_6.2.x86_64
May 02 22:38:45 Installed: libquadmath-devel-4.8.5-36.el7_6.2.x86_64
May 02 22:38:45 Installed: 1:emacs-filesystem-24.3-22.el7.noarch
May 02 22:38:45 Installed: libdwarf-20130207-4.el7.x86_64
May 02 22:38:45 Installed: dyninst-9.3.1-2.el7.x86_64
May 02 22:38:46 Installed: systemtap-runtime-3.3-3.el7.x86_64
May 02 22:38:47 Installed: systemtap-client-3.3-3.el7.x86_64
May 02 22:38:47 Installed: perl-XML-Parser-2.41-10.el7.x86_64
May 02 22:39:01 Installed: kernel-debug-devel-3.10.0-957.12.1.el7.x86_64
May 02 22:39:01 Installed: systemtap-devel-3.3-3.el7.x86_64
May 02 22:39:01 Installed: trousers-0.3.14-2.el7.x86_64
May 02 22:39:01 Installed: gnutls-3.3.29-9.el7_6.x86_64
May 02 22:39:02 Installed: neon-0.30.0-3.el7.x86_64
May 02 22:39:02 Installed: subversion-libs-1.7.14-14.el7.x86_64
May 02 22:39:02 Installed: subversion-1.7.14-14.el7.x86_64
May 02 22:39:02 Installed: systemtap-3.3-3.el7.x86_64
May 02 22:39:02 Installed: intltool-0.50.2-7.el7.noarch
May 02 22:39:02 Installed: cscope-15.8-10.el7.x86_64
May 02 22:39:03 Installed: gcc-gfortran-4.8.5-36.el7_6.2.x86_64
May 02 22:39:03 Installed: libtool-2.4.2-22.el7_3.x86_64
May 02 22:39:04 Installed: gcc-c++-4.8.5-36.el7_6.2.x86_64
May 02 22:39:04 Installed: rpm-build-4.11.3-35.el7.x86_64
May 02 22:39:04 Installed: flex-2.5.37-6.el7.x86_64
May 02 22:39:04 Installed: bison-3.0.4-2.el7.x86_64
May 02 22:39:04 Installed: diffstat-1.57-4.el7.x86_64
May 02 22:39:04 Installed: patchutils-0.3.3-4.el7.x86_64
May 02 22:39:04 Installed: indent-2.2.11-13.el7.x86_64
May 02 22:39:04 Installed: rpm-sign-4.11.3-35.el7.x86_64
May 02 22:39:04 Installed: swig-2.0.10-5.el7.x86_64
May 02 22:39:04 Installed: rcs-5.9.0-5.el7.x86_64
May 02 22:39:05 Installed: 1:doxygen-1.8.5-3.el7.x86_64
May 02 22:39:05 Installed: byacc-1.9.20130304-3.el7.x86_64
May 02 22:39:05 Installed: ctags-5.8-13.el7.x86_64
May 02 22:40:21 Installed: ncurses-devel-5.9-14.20130511.el7_4.x86_64
May 02 23:01:57 Installed: bc-1.06.95-13.el7.x86_64
May 02 23:01:57 Installed: hmaccalc-0.9.13-4.el7.x86_64
May 02 23:01:57 Installed: tree-1.6.0-10.el7.x86_64
May 02 23:04:49 Installed: zlib-devel-1.2.7-18.el7.x86_64
May 02 23:04:49 Installed: elfutils-libelf-devel-0.172-2.el7.x86_64
May 02 23:04:49 Installed: binutils-devel-2.27-34.base.el7.x86_64
May 02 23:41:32 Installed: libcom_err-devel-1.42.9-13.el7.x86_64
May 02 23:41:32 Installed: libsepol-devel-2.5-10.el7.x86_64
May 02 23:41:32 Installed: pcre-devel-8.32-17.el7.x86_64
May 02 23:41:32 Installed: libselinux-devel-2.5-14.1.el7.x86_64
May 02 23:41:32 Installed: libkadm5-1.15.1-37.el7_6.x86_64
May 02 23:41:32 Installed: libverto-devel-0.2.5-4.el7.x86_64
May 02 23:41:32 Installed: keyutils-libs-devel-1.5.8-3.el7.x86_64
May 02 23:41:32 Installed: krb5-devel-1.15.1-37.el7_6.x86_64
May 02 23:41:33 Installed: 1:openssl-devel-1.0.2k-16.el7_6.1.x86_64
